# JRE version: OpenJDK Runtime Environment Temurin-21.0.1+12 (21.0.1+12) (build 21.0.1+12-LTS)
# Java VM: OpenJDK 64-Bit Server VM Temurin-21.0.1+12 (21.0.1+12-LTS, mixed mode, sharing, tiered, compressed oops, compressed class ptrs, g1 gc, windows-amd64)
GC Precious Log:
 CardTable entry size: 512
 Card Set container configuration: InlinePtr #cards 4 size 8 Array Of Cards #cards 16 size 48 Howl #buckets 8 coarsen threshold 3686 Howl Bitmap #cards 512 size 80 coarsen threshold 460 Card regions per heap region 1 cards per card region 4096
 CPUs: 20 total, 20 available
 Memory: 16091M
 Large Page Support: Disabled
 NUMA Support: Disabled
 Compressed Oops: Enabled (Zero based)
 Heap Region Size: 2M
 Heap Min Capacity: 512M
 Heap Initial Capacity: 512M
 Heap Max Capacity: 4072M
 Pre-touch: Disabled
 Parallel Workers: 4
 Concurrent Workers: 1
 Concurrent Refinement Workers: 4
 Periodic GC: Disabled
 String Deduplication is enabled
Heap:
 garbage-first heap   total 524288K, used 154727K [0x0000000701800000, 0x0000000800000000)
  region size 2048K, 34 young (69632K), 0 survivors (0K)
 Metaspace       used 77051K, committed 77632K, reserved 1179648K
  class space    used 10767K, committed 11008K, reserved 1048576K
GC Heap History (20 events):
Event: 9.798 GC heap before
{Heap before GC invocations=4 (full 0):
 garbage-first heap   total 524288K, used 53104K [0x0000000701800000, 0x0000000800000000)
  region size 2048K, 5 young (10240K), 3 survivors (6144K)
 Metaspace       used 36159K, committed 36416K, reserved 1114112K
  class space    used 4218K, committed 4352K, reserved 1048576K
}
Event: 9.803 GC heap after
{Heap after GC invocations=5 (full 0):
 garbage-first heap   total 524288K, used 51797K [0x0000000701800000, 0x0000000800000000)
  region size 2048K, 4 young (8192K), 4 survivors (8192K)
 Metaspace       used 36159K, committed 36416K, reserved 1114112K
  class space    used 4218K, committed 4352K, reserved 1048576K
}
Event: 9.841 GC heap before
{Heap before GC invocations=5 (full 0):
 garbage-first heap   total 524288K, used 51797K [0x0000000701800000, 0x0000000800000000)
  region size 2048K, 5 young (10240K), 4 survivors (8192K)
 Metaspace       used 36445K, committed 36736K, reserved 1114112K
  class space    used 4274K, committed 4416K, reserved 1048576K
}
Event: 9.846 GC heap after
{Heap after GC invocations=6 (full 0):
 garbage-first heap   total 524288K, used 51946K [0x0000000701800000, 0x0000000800000000)
  region size 2048K, 1 young (2048K), 1 survivors (2048K)
 Metaspace       used 36445K, committed 36736K, reserved 1114112K
  class space    used 4274K, committed 4416K, reserved 1048576K
}
Event: 14.018 GC heap before
{Heap before GC invocations=7 (full 0):
 garbage-first heap   total 524288K, used 129770K [0x0000000701800000, 0x0000000800000000)
  region size 2048K, 40 young (81920K), 1 survivors (2048K)
 Metaspace       used 47293K, committed 47616K, reserved 1114112K
  class space    used 5920K, committed 6080K, reserved 1048576K
}
Event: 14.024 GC heap after
{Heap after GC invocations=8 (full 0):
 garbage-first heap   total 524288K, used 63448K [0x0000000701800000, 0x0000000800000000)
  region size 2048K, 5 young (10240K), 5 survivors (10240K)
 Metaspace       used 47293K, committed 47616K, reserved 1114112K
  class space    used 5920K, committed 6080K, reserved 1048576K
}
Event: 14.928 GC heap before
{Heap before GC invocations=8 (full 0):
 garbage-first heap   total 524288K, used 133080K [0x0000000701800000, 0x0000000800000000)
  region size 2048K, 40 young (81920K), 5 survivors (10240K)
 Metaspace       used 52489K, committed 52864K, reserved 1114112K
  class space    used 6804K, committed 6976K, reserved 1048576K
}
Event: 14.936 GC heap after
{Heap after GC invocations=9 (full 0):
 garbage-first heap   total 524288K, used 69792K [0x0000000701800000, 0x0000000800000000)
  region size 2048K, 5 young (10240K), 5 survivors (10240K)
 Metaspace       used 52489K, committed 52864K, reserved 1114112K
  class space    used 6804K, committed 6976K, reserved 1048576K
}
Event: 17.137 GC heap before
{Heap before GC invocations=9 (full 0):
 garbage-first heap   total 524288K, used 141472K [0x0000000701800000, 0x0000000800000000)
  region size 2048K, 34 young (69632K), 5 survivors (10240K)
 Metaspace       used 61029K, committed 61440K, reserved 1114112K
  class space    used 8140K, committed 8320K, reserved 1048576K
}
Event: 17.145 GC heap after
{Heap after GC invocations=10 (full 0):
 garbage-first heap   total 524288K, used 96183K [0x0000000701800000, 0x0000000800000000)
  region size 2048K, 5 young (10240K), 5 survivors (10240K)
 Metaspace       used 61029K, committed 61440K, reserved 1114112K
  class space    used 8140K, committed 8320K, reserved 1048576K
}
Event: 18.253 GC heap before
{Heap before GC invocations=11 (full 0):
 garbage-first heap   total 524288K, used 165815K [0x0000000701800000, 0x0000000800000000)
  region size 2048K, 40 young (81920K), 5 survivors (10240K)
 Metaspace       used 72911K, committed 73472K, reserved 1114112K
  class space    used 10228K, committed 10496K, reserved 1048576K
}
Event: 18.260 GC heap after
{Heap after GC invocations=12 (full 0):
 garbage-first heap   total 524288K, used 99010K [0x0000000701800000, 0x0000000800000000)
  region size 2048K, 5 young (10240K), 5 survivors (10240K)
 Metaspace       used 72911K, committed 73472K, reserved 1114112K
  class space    used 10228K, committed 10496K, reserved 1048576K
}
Event: 18.722 GC heap before
{Heap before GC invocations=12 (full 0):
 garbage-first heap   total 524288K, used 170690K [0x0000000701800000, 0x0000000800000000)
  region size 2048K, 40 young (81920K), 5 survivors (10240K)
 Metaspace       used 74507K, committed 74944K, reserved 1114112K
  class space    used 10529K, committed 10752K, reserved 1048576K
}
Event: 18.728 GC heap after
{Heap after GC invocations=13 (full 0):
 garbage-first heap   total 524288K, used 99510K [0x0000000701800000, 0x0000000800000000)
  region size 2048K, 2 young (4096K), 2 survivors (4096K)
 Metaspace       used 74507K, committed 74944K, reserved 1114112K
  class space    used 10529K, committed 10752K, reserved 1048576K
}
Event: 19.244 GC heap before
{Heap before GC invocations=13 (full 0):
 garbage-first heap   total 524288K, used 177334K [0x0000000701800000, 0x0000000800000000)
  region size 2048K, 40 young (81920K), 2 survivors (4096K)
 Metaspace       used 75781K, committed 76288K, reserved 1179648K
  class space    used 10663K, committed 10880K, reserved 1048576K
}
Event: 19.248 GC heap after
{Heap after GC invocations=14 (full 0):
 garbage-first heap   total 524288K, used 101624K [0x0000000701800000, 0x0000000800000000)
  region size 2048K, 3 young (6144K), 3 survivors (6144K)
 Metaspace       used 75781K, committed 76288K, reserved 1179648K
  class space    used 10663K, committed 10880K, reserved 1048576K
}
Event: 19.640 GC heap before
{Heap before GC invocations=14 (full 0):
 garbage-first heap   total 524288K, used 177400K [0x0000000701800000, 0x0000000800000000)
  region size 2048K, 40 young (81920K), 3 survivors (6144K)
 Metaspace       used 76525K, committed 77056K, reserved 1179648K
  class space    used 10724K, committed 11008K, reserved 1048576K
}
Event: 19.645 GC heap after
{Heap after GC invocations=15 (full 0):
 garbage-first heap   total 524288K, used 101837K [0x0000000701800000, 0x0000000800000000)
  region size 2048K, 2 young (4096K), 2 survivors (4096K)
 Metaspace       used 76525K, committed 77056K, reserved 1179648K
  class space    used 10724K, committed 11008K, reserved 1048576K
}
Event: 20.376 GC heap before
{Heap before GC invocations=15 (full 0):
 garbage-first heap   total 524288K, used 112077K [0x0000000701800000, 0x0000000800000000)
  region size 2048K, 8 young (16384K), 2 survivors (4096K)
 Metaspace       used 76601K, committed 77120K, reserved 1179648K
  class space    used 10738K, committed 11008K, reserved 1048576K
}
Event: 20.427 GC heap after
{Heap after GC invocations=16 (full 1):
 garbage-first heap   total 524288K, used 87143K [0x0000000701800000, 0x0000000800000000)
  region size 2048K, 0 young (0K), 0 survivors (0K)
 Metaspace       used 76601K, committed 77120K, reserved 1179648K
  class space    used 10738K, committed 11008K, reserved 1048576K
}

