# JRE version: OpenJDK Runtime Environment Temurin-21.0.1+12 (21.0.1+12) (build 21.0.1+12-LTS)
# Java VM: OpenJDK 64-Bit Server VM Temurin-21.0.1+12 (21.0.1+12-LTS, mixed mode, sharing, tiered, compressed oops, compressed class ptrs, g1 gc, windows-amd64)
GC Precious Log:
 CardTable entry size: 512
 Card Set container configuration: InlinePtr #cards 4 size 8 Array Of Cards #cards 16 size 48 Howl #buckets 8 coarsen threshold 3686 Howl Bitmap #cards 512 size 80 coarsen threshold 460 Card regions per heap region 1 cards per card region 4096
 CPUs: 20 total, 20 available
 Memory: 16091M
 Large Page Support: Disabled
 NUMA Support: Disabled
 Compressed Oops: Enabled (Zero based)
 Heap Region Size: 2M
 Heap Min Capacity: 512M
 Heap Initial Capacity: 512M
 Heap Max Capacity: 4072M
 Pre-touch: Disabled
 Parallel Workers: 4
 Concurrent Workers: 1
 Concurrent Refinement Workers: 4
 Periodic GC: Disabled
 String Deduplication is enabled
Heap:
 garbage-first heap   total 524288K, used 91577K [0x0000000701800000, 0x0000000800000000)
  region size 2048K, 22 young (45056K), 1 survivors (2048K)
 Metaspace       used 41223K, committed 41600K, reserved 1114112K
  class space    used 4962K, committed 5120K, reserved 1048576K
GC Heap History (10 events):
Event: 1.337 GC heap before
{Heap before GC invocations=0 (full 0):
 garbage-first heap   total 524288K, used 81920K [0x0000000701800000, 0x0000000800000000)
  region size 2048K, 40 young (81920K), 0 survivors (0K)
 Metaspace       used 10170K, committed 10432K, reserved 1114112K
  class space    used 925K, committed 1024K, reserved 1048576K
}
Event: 1.367 GC heap after
{Heap after GC invocations=1 (full 0):
 garbage-first heap   total 524288K, used 20544K [0x0000000701800000, 0x0000000800000000)
  region size 2048K, 5 young (10240K), 5 survivors (10240K)
 Metaspace       used 10170K, committed 10432K, reserved 1114112K
  class space    used 925K, committed 1024K, reserved 1048576K
}
Event: 5.093 GC heap before
{Heap before GC invocations=1 (full 0):
 garbage-first heap   total 524288K, used 86080K [0x0000000701800000, 0x0000000800000000)
  region size 2048K, 36 young (73728K), 5 survivors (10240K)
 Metaspace       used 21351K, committed 21504K, reserved 1114112K
  class space    used 2155K, committed 2240K, reserved 1048576K
}
Event: 5.103 GC heap after
{Heap after GC invocations=2 (full 0):
 garbage-first heap   total 524288K, used 30438K [0x0000000701800000, 0x0000000800000000)
  region size 2048K, 5 young (10240K), 5 survivors (10240K)
 Metaspace       used 21351K, committed 21504K, reserved 1114112K
  class space    used 2155K, committed 2240K, reserved 1048576K
}
Event: 8.581 GC heap before
{Heap before GC invocations=3 (full 0):
 garbage-first heap   total 524288K, used 120550K [0x0000000701800000, 0x0000000800000000)
  region size 2048K, 27 young (55296K), 5 survivors (10240K)
 Metaspace       used 35830K, committed 36160K, reserved 1114112K
  class space    used 4169K, committed 4352K, reserved 1048576K
}
Event: 8.593 GC heap after
{Heap after GC invocations=4 (full 0):
 garbage-first heap   total 524288K, used 52963K [0x0000000701800000, 0x0000000800000000)
  region size 2048K, 3 young (6144K), 3 survivors (6144K)
 Metaspace       used 35830K, committed 36160K, reserved 1114112K
  class space    used 4169K, committed 4352K, reserved 1048576K
}
Event: 8.648 GC heap before
{Heap before GC invocations=4 (full 0):
 garbage-first heap   total 524288K, used 55011K [0x0000000701800000, 0x0000000800000000)
  region size 2048K, 5 young (10240K), 3 survivors (6144K)
 Metaspace       used 36205K, committed 36480K, reserved 1114112K
  class space    used 4220K, committed 4352K, reserved 1048576K
}
Event: 8.652 GC heap after
{Heap after GC invocations=5 (full 0):
 garbage-first heap   total 524288K, used 53336K [0x0000000701800000, 0x0000000800000000)
  region size 2048K, 4 young (8192K), 4 survivors (8192K)
 Metaspace       used 36205K, committed 36480K, reserved 1114112K
  class space    used 4220K, committed 4352K, reserved 1048576K
}
Event: 8.695 GC heap before
{Heap before GC invocations=5 (full 0):
 garbage-first heap   total 524288K, used 53336K [0x0000000701800000, 0x0000000800000000)
  region size 2048K, 5 young (10240K), 4 survivors (8192K)
 Metaspace       used 36489K, committed 36800K, reserved 1114112K
  class space    used 4292K, committed 4416K, reserved 1048576K
}
Event: 8.700 GC heap after
{Heap after GC invocations=6 (full 0):
 garbage-first heap   total 524288K, used 52665K [0x0000000701800000, 0x0000000800000000)
  region size 2048K, 1 young (2048K), 1 survivors (2048K)
 Metaspace       used 36489K, committed 36800K, reserved 1114112K
  class space    used 4292K, committed 4416K, reserved 1048576K
}

