# JRE version: OpenJDK Runtime Environment Temurin-21.0.1+12 (21.0.1+12) (build 21.0.1+12-LTS)
# Java VM: OpenJDK 64-Bit Server VM Temurin-21.0.1+12 (21.0.1+12-LTS, mixed mode, sharing, tiered, compressed oops, compressed class ptrs, g1 gc, windows-amd64)
GC Precious Log:
 CardTable entry size: 512
 Card Set container configuration: InlinePtr #cards 4 size 8 Array Of Cards #cards 16 size 48 Howl #buckets 8 coarsen threshold 3686 Howl Bitmap #cards 512 size 80 coarsen threshold 460 Card regions per heap region 1 cards per card region 4096
 CPUs: 20 total, 20 available
 Memory: 16091M
 Large Page Support: Disabled
 NUMA Support: Disabled
 Compressed Oops: Enabled (Zero based)
 Heap Region Size: 2M
 Heap Min Capacity: 512M
 Heap Initial Capacity: 512M
 Heap Max Capacity: 4072M
 Pre-touch: Disabled
 Parallel Workers: 4
 Concurrent Workers: 1
 Concurrent Refinement Workers: 4
 Periodic GC: Disabled
 String Deduplication is enabled
Heap:
 garbage-first heap   total 524288K, used 151017K [0x0000000701800000, 0x0000000800000000)
  region size 2048K, 33 young (67584K), 1 survivors (2048K)
 Metaspace       used 76894K, committed 77440K, reserved 1179648K
  class space    used 10758K, committed 11008K, reserved 1048576K
GC Heap History (20 events):
Event: 10.497 GC heap after
{Heap after GC invocations=6 (full 0):
 garbage-first heap   total 524288K, used 50685K [0x0000000701800000, 0x0000000800000000)
  region size 2048K, 3 young (6144K), 3 survivors (6144K)
 Metaspace       used 36486K, committed 36736K, reserved 1114112K
  class space    used 4282K, committed 4416K, reserved 1048576K
}
Event: 14.665 GC heap before
{Heap before GC invocations=7 (full 0):
 garbage-first heap   total 524288K, used 124413K [0x0000000701800000, 0x0000000800000000)
  region size 2048K, 40 young (81920K), 3 survivors (6144K)
 Metaspace       used 46744K, committed 47168K, reserved 1114112K
  class space    used 5804K, committed 6016K, reserved 1048576K
}
Event: 14.672 GC heap after
{Heap after GC invocations=8 (full 0):
 garbage-first heap   total 524288K, used 61000K [0x0000000701800000, 0x0000000800000000)
  region size 2048K, 5 young (10240K), 5 survivors (10240K)
 Metaspace       used 46744K, committed 47168K, reserved 1114112K
  class space    used 5804K, committed 6016K, reserved 1048576K
}
Event: 15.768 GC heap before
{Heap before GC invocations=8 (full 0):
 garbage-first heap   total 524288K, used 132680K [0x0000000701800000, 0x0000000800000000)
  region size 2048K, 40 young (81920K), 5 survivors (10240K)
 Metaspace       used 51474K, committed 51904K, reserved 1114112K
  class space    used 6645K, committed 6848K, reserved 1048576K
}
Event: 15.777 GC heap after
{Heap after GC invocations=9 (full 0):
 garbage-first heap   total 524288K, used 67054K [0x0000000701800000, 0x0000000800000000)
  region size 2048K, 5 young (10240K), 5 survivors (10240K)
 Metaspace       used 51474K, committed 51904K, reserved 1114112K
  class space    used 6645K, committed 6848K, reserved 1048576K
}
Event: 18.410 GC heap before
{Heap before GC invocations=9 (full 0):
 garbage-first heap   total 524288K, used 144878K [0x0000000701800000, 0x0000000800000000)
  region size 2048K, 37 young (75776K), 5 survivors (10240K)
 Metaspace       used 61057K, committed 61440K, reserved 1114112K
  class space    used 8144K, committed 8320K, reserved 1048576K
}
Event: 18.417 GC heap after
{Heap after GC invocations=10 (full 0):
 garbage-first heap   total 524288K, used 93492K [0x0000000701800000, 0x0000000800000000)
  region size 2048K, 5 young (10240K), 5 survivors (10240K)
 Metaspace       used 61057K, committed 61440K, reserved 1114112K
  class space    used 8144K, committed 8320K, reserved 1048576K
}
Event: 19.406 GC heap before
{Heap before GC invocations=11 (full 0):
 garbage-first heap   total 524288K, used 163124K [0x0000000701800000, 0x0000000800000000)
  region size 2048K, 40 young (81920K), 5 survivors (10240K)
 Metaspace       used 71828K, committed 72320K, reserved 1114112K
  class space    used 10159K, committed 10368K, reserved 1048576K
}
Event: 19.414 GC heap after
{Heap after GC invocations=12 (full 0):
 garbage-first heap   total 524288K, used 95508K [0x0000000701800000, 0x0000000800000000)
  region size 2048K, 4 young (8192K), 4 survivors (8192K)
 Metaspace       used 71828K, committed 72320K, reserved 1114112K
  class space    used 10159K, committed 10368K, reserved 1048576K
}
Event: 20.130 GC heap before
{Heap before GC invocations=12 (full 0):
 garbage-first heap   total 524288K, used 169236K [0x0000000701800000, 0x0000000800000000)
  region size 2048K, 40 young (81920K), 4 survivors (8192K)
 Metaspace       used 73507K, committed 73984K, reserved 1114112K
  class space    used 10463K, committed 10688K, reserved 1048576K
}
Event: 20.137 GC heap after
{Heap after GC invocations=13 (full 0):
 garbage-first heap   total 524288K, used 97838K [0x0000000701800000, 0x0000000800000000)
  region size 2048K, 2 young (4096K), 2 survivors (4096K)
 Metaspace       used 73507K, committed 73984K, reserved 1114112K
  class space    used 10463K, committed 10688K, reserved 1048576K
}
Event: 21.051 GC heap before
{Heap before GC invocations=13 (full 0):
 garbage-first heap   total 524288K, used 175662K [0x0000000701800000, 0x0000000800000000)
  region size 2048K, 40 young (81920K), 2 survivors (4096K)
 Metaspace       used 75271K, committed 75840K, reserved 1114112K
  class space    used 10656K, committed 10944K, reserved 1048576K
}
Event: 21.055 GC heap after
{Heap after GC invocations=14 (full 0):
 garbage-first heap   total 524288K, used 100194K [0x0000000701800000, 0x0000000800000000)
  region size 2048K, 3 young (6144K), 3 survivors (6144K)
 Metaspace       used 75271K, committed 75840K, reserved 1114112K
  class space    used 10656K, committed 10944K, reserved 1048576K
}
Event: 21.480 GC heap before
{Heap before GC invocations=14 (full 0):
 garbage-first heap   total 524288K, used 120674K [0x0000000701800000, 0x0000000800000000)
  region size 2048K, 14 young (28672K), 3 survivors (6144K)
 Metaspace       used 75321K, committed 75904K, reserved 1114112K
  class space    used 10665K, committed 10944K, reserved 1048576K
}
Event: 21.525 GC heap after
{Heap after GC invocations=15 (full 1):
 garbage-first heap   total 524288K, used 86124K [0x0000000701800000, 0x0000000800000000)
  region size 2048K, 0 young (0K), 0 survivors (0K)
 Metaspace       used 75321K, committed 75904K, reserved 1114112K
  class space    used 10665K, committed 10944K, reserved 1048576K
}
Event: 23.796 GC heap before
{Heap before GC invocations=15 (full 1):
 garbage-first heap   total 524288K, used 168044K [0x0000000701800000, 0x0000000800000000)
  region size 2048K, 40 young (81920K), 0 survivors (0K)
 Metaspace       used 75895K, committed 76416K, reserved 1179648K
  class space    used 10702K, committed 10944K, reserved 1048576K
}
Event: 23.798 GC heap after
{Heap after GC invocations=16 (full 1):
 garbage-first heap   total 524288K, used 87285K [0x0000000701800000, 0x0000000800000000)
  region size 2048K, 1 young (2048K), 1 survivors (2048K)
 Metaspace       used 75895K, committed 76416K, reserved 1179648K
  class space    used 10702K, committed 10944K, reserved 1048576K
}
Event: 217.367 GC heap before
{Heap before GC invocations=16 (full 1):
 garbage-first heap   total 524288K, used 167157K [0x0000000701800000, 0x0000000800000000)
  region size 2048K, 40 young (81920K), 1 survivors (2048K)
 Metaspace       used 76181K, committed 76672K, reserved 1179648K
  class space    used 10704K, committed 10944K, reserved 1048576K
}
Event: 217.371 GC heap after
{Heap after GC invocations=17 (full 1):
 garbage-first heap   total 524288K, used 87529K [0x0000000701800000, 0x0000000800000000)
  region size 2048K, 1 young (2048K), 1 survivors (2048K)
 Metaspace       used 76181K, committed 76672K, reserved 1179648K
  class space    used 10704K, committed 10944K, reserved 1048576K
}
Event: 221.834 GC heap before
{Heap before GC invocations=17 (full 1):
 garbage-first heap   total 524288K, used 151017K [0x0000000701800000, 0x0000000800000000)
  region size 2048K, 33 young (67584K), 1 survivors (2048K)
 Metaspace       used 76894K, committed 77440K, reserved 1179648K
  class space    used 10758K, committed 11008K, reserved 1048576K
}

