# JRE version: OpenJDK Runtime Environment (11.0.2+9) (build 11.0.2+9)
# Java VM: OpenJDK 64-Bit Server VM (11.0.2+9, mixed mode, tiered, compressed oops, g1 gc, windows-amd64)
Heap:
 garbage-first heap   total 315392K, used 141572K [0x0000000740000000, 0x0000000800000000)
  region size 1024K, 29 young (29696K), 0 survivors (0K)
 Metaspace       used 111264K, capacity 112767K, committed 117040K, reserved 1150976K
  class space    used 14114K, capacity 14703K, committed 16256K, reserved 1048576K
GC Heap History (10 events):
Event: 12573.230 GC heap before
{Heap before GC invocations=1637 (full 299):
 garbage-first heap   total 315392K, used 118062K [0x0000000740000000, 0x0000000800000000)
  region size 1024K, 6 young (6144K), 0 survivors (0K)
 Metaspace       used 111264K, capacity 112767K, committed 117040K, reserved 1150976K
  class space    used 14114K, capacity 14703K, committed 16256K, reserved 1048576K
}
Event: 12573.300 GC heap after
{Heap after GC invocations=1638 (full 300):
 garbage-first heap   total 315392K, used 112926K [0x0000000740000000, 0x0000000800000000)
  region size 1024K, 0 young (0K), 0 survivors (0K)
 Metaspace       used 111264K, capacity 112767K, committed 117040K, reserved 1150976K
  class space    used 14114K, capacity 14703K, committed 16256K, reserved 1048576K
}
Event: 12573.557 GC heap before
{Heap before GC invocations=1638 (full 300):
 garbage-first heap   total 315392K, used 113950K [0x0000000740000000, 0x0000000800000000)
  region size 1024K, 2 young (2048K), 0 survivors (0K)
 Metaspace       used 111264K, capacity 112767K, committed 117040K, reserved 1150976K
  class space    used 14114K, capacity 14703K, committed 16256K, reserved 1048576K
}
Event: 12573.626 GC heap after
{Heap after GC invocations=1639 (full 301):
 garbage-first heap   total 315392K, used 112896K [0x0000000740000000, 0x0000000800000000)
  region size 1024K, 0 young (0K), 0 survivors (0K)
 Metaspace       used 111264K, capacity 112767K, committed 117040K, reserved 1150976K
  class space    used 14114K, capacity 14703K, committed 16256K, reserved 1048576K
}
Event: 12573.919 GC heap before
{Heap before GC invocations=1639 (full 301):
 garbage-first heap   total 315392K, used 114944K [0x0000000740000000, 0x0000000800000000)
  region size 1024K, 3 young (3072K), 0 survivors (0K)
 Metaspace       used 111264K, capacity 112767K, committed 117040K, reserved 1150976K
  class space    used 14114K, capacity 14703K, committed 16256K, reserved 1048576K
}
Event: 12573.990 GC heap after
{Heap after GC invocations=1640 (full 302):
 garbage-first heap   total 315392K, used 112902K [0x0000000740000000, 0x0000000800000000)
  region size 1024K, 0 young (0K), 0 survivors (0K)
 Metaspace       used 111264K, capacity 112767K, committed 117040K, reserved 1150976K
  class space    used 14114K, capacity 14703K, committed 16256K, reserved 1048576K
}
Event: 12574.243 GC heap before
{Heap before GC invocations=1640 (full 302):
 garbage-first heap   total 315392K, used 114950K [0x0000000740000000, 0x0000000800000000)
  region size 1024K, 3 young (3072K), 0 survivors (0K)
 Metaspace       used 111264K, capacity 112767K, committed 117040K, reserved 1150976K
  class space    used 14114K, capacity 14703K, committed 16256K, reserved 1048576K
}
Event: 12574.312 GC heap after
{Heap after GC invocations=1641 (full 303):
 garbage-first heap   total 315392K, used 112907K [0x0000000740000000, 0x0000000800000000)
  region size 1024K, 0 young (0K), 0 survivors (0K)
 Metaspace       used 111264K, capacity 112767K, committed 117040K, reserved 1150976K
  class space    used 14114K, capacity 14703K, committed 16256K, reserved 1048576K
}
Event: 12574.542 GC heap before
{Heap before GC invocations=1641 (full 303):
 garbage-first heap   total 315392K, used 114955K [0x0000000740000000, 0x0000000800000000)
  region size 1024K, 3 young (3072K), 0 survivors (0K)
 Metaspace       used 111264K, capacity 112767K, committed 117040K, reserved 1150976K
  class space    used 14114K, capacity 14703K, committed 16256K, reserved 1048576K
}
Event: 12574.610 GC heap after
{Heap after GC invocations=1642 (full 304):
 garbage-first heap   total 315392K, used 112900K [0x0000000740000000, 0x0000000800000000)
  region size 1024K, 0 young (0K), 0 survivors (0K)
 Metaspace       used 111264K, capacity 112767K, committed 117040K, reserved 1150976K
  class space    used 14114K, capacity 14703K, committed 16256K, reserved 1048576K
}

