# JRE version: OpenJDK Runtime Environment (11.0.2+9) (build 11.0.2+9)
# Java VM: OpenJDK 64-Bit Server VM (11.0.2+9, mixed mode, tiered, compressed oops, g1 gc, windows-amd64)
Heap:
 garbage-first heap   total 273408K, used 160415K [0x0000000740000000, 0x0000000800000000)
  region size 1024K, 42 young (43008K), 2 survivors (2048K)
 Metaspace       used 107382K, capacity 110142K, committed 110340K, reserved 1144832K
  class space    used 14652K, capacity 15889K, committed 16000K, reserved 1048576K
GC Heap History (10 events):
Event: 86.920 GC heap before
{Heap before GC invocations=60 (full 11):
 garbage-first heap   total 273408K, used 177010K [0x0000000740000000, 0x0000000800000000)
  region size 1024K, 60 young (61440K), 1 survivors (1024K)
 Metaspace       used 106421K, capacity 109227K, committed 109444K, reserved 1142784K
  class space    used 14572K, capacity 15820K, committed 15872K, reserved 1048576K
}
Event: 86.922 GC heap after
{Heap after GC invocations=61 (full 11):
 garbage-first heap   total 273408K, used 111909K [0x0000000740000000, 0x0000000800000000)
  region size 1024K, 1 young (1024K), 1 survivors (1024K)
 Metaspace       used 106421K, capacity 109227K, committed 109444K, reserved 1142784K
  class space    used 14572K, capacity 15820K, committed 15872K, reserved 1048576K
}
Event: 90.226 GC heap before
{Heap before GC invocations=61 (full 11):
 garbage-first heap   total 273408K, used 172325K [0x0000000740000000, 0x0000000800000000)
  region size 1024K, 60 young (61440K), 1 survivors (1024K)
 Metaspace       used 106486K, capacity 109291K, committed 109444K, reserved 1142784K
  class space    used 14577K, capacity 15820K, committed 15872K, reserved 1048576K
}
Event: 90.227 GC heap after
{Heap after GC invocations=62 (full 11):
 garbage-first heap   total 273408K, used 111818K [0x0000000740000000, 0x0000000800000000)
  region size 1024K, 1 young (1024K), 1 survivors (1024K)
 Metaspace       used 106486K, capacity 109291K, committed 109444K, reserved 1142784K
  class space    used 14577K, capacity 15820K, committed 15872K, reserved 1048576K
}
Event: 94.105 GC heap before
{Heap before GC invocations=62 (full 11):
 garbage-first heap   total 273408K, used 172234K [0x0000000740000000, 0x0000000800000000)
  region size 1024K, 60 young (61440K), 1 survivors (1024K)
 Metaspace       used 107270K, capacity 110011K, committed 110340K, reserved 1144832K
  class space    used 14639K, capacity 15888K, committed 16000K, reserved 1048576K
}
Event: 94.107 GC heap after
{Heap after GC invocations=63 (full 11):
 garbage-first heap   total 273408K, used 112297K [0x0000000740000000, 0x0000000800000000)
  region size 1024K, 2 young (2048K), 2 survivors (2048K)
 Metaspace       used 107270K, capacity 110011K, committed 110340K, reserved 1144832K
  class space    used 14639K, capacity 15888K, committed 16000K, reserved 1048576K
}
Event: 97.097 GC heap before
{Heap before GC invocations=63 (full 11):
 garbage-first heap   total 273408K, used 162473K [0x0000000740000000, 0x0000000800000000)
  region size 1024K, 46 young (47104K), 2 survivors (2048K)
 Metaspace       used 107301K, capacity 110075K, committed 110340K, reserved 1144832K
  class space    used 14643K, capacity 15888K, committed 16000K, reserved 1048576K
}
Event: 97.099 GC heap after
{Heap after GC invocations=64 (full 11):
 garbage-first heap   total 273408K, used 118562K [0x0000000740000000, 0x0000000800000000)
  region size 1024K, 2 young (2048K), 2 survivors (2048K)
 Metaspace       used 107301K, capacity 110075K, committed 110340K, reserved 1144832K
  class space    used 14643K, capacity 15888K, committed 16000K, reserved 1048576K
}
Event: 97.748 GC heap before
{Heap before GC invocations=64 (full 11):
 garbage-first heap   total 273408K, used 142114K [0x0000000740000000, 0x0000000800000000)
  region size 1024K, 26 young (26624K), 2 survivors (2048K)
 Metaspace       used 107324K, capacity 110075K, committed 110340K, reserved 1144832K
  class space    used 14643K, capacity 15888K, committed 16000K, reserved 1048576K
}
Event: 97.750 GC heap after
{Heap after GC invocations=65 (full 11):
 garbage-first heap   total 273408K, used 113349K [0x0000000740000000, 0x0000000800000000)
  region size 1024K, 2 young (2048K), 2 survivors (2048K)
 Metaspace       used 107324K, capacity 110075K, committed 110340K, reserved 1144832K
  class space    used 14643K, capacity 15888K, committed 16000K, reserved 1048576K
}

